Performing C++ SOURCE FILE Test ENTT_HAS_LIBCPP failed with the following output:
Change Dir: /home/refael/Desktop/main/vALLk/bin/CMakeFiles/CMakeTmp

Run Build Command(s):/usr/bin/make cmTC_28708/fast && /usr/bin/make -f CMakeFiles/cmTC_28708.dir/build.make CMakeFiles/cmTC_28708.dir/build
make[1]: Entering directory '/home/refael/Desktop/main/vALLk/bin/CMakeFiles/CMakeTmp'
Building CXX object CMakeFiles/cmTC_28708.dir/src.cxx.o
/usr/bin/c++    -DENTT_HAS_LIBCPP  -stdlib=libc++   -o CMakeFiles/cmTC_28708.dir/src.cxx.o -c /home/refael/Desktop/main/vALLk/bin/CMakeFiles/CMakeTmp/src.cxx
c++: error: unrecognized command line option ‘-stdlib=libc++’
make[1]: *** [CMakeFiles/cmTC_28708.dir/build.make:66: CMakeFiles/cmTC_28708.dir/src.cxx.o] Error 1
make[1]: Leaving directory '/home/refael/Desktop/main/vALLk/bin/CMakeFiles/CMakeTmp'
make: *** [Makefile:121: cmTC_28708/fast] Error 2


Source file was:

        #include<type_traits>
        int main() { return std::is_same_v<int, char>; }
    
Performing C SOURCE FILE Test CMAKE_HAVE_LIBC_PTHREAD failed with the following output:
Change Dir: /home/refael/Desktop/main/vALLk/bin/CMakeFiles/CMakeTmp

Run Build Command(s):/usr/bin/make cmTC_1fde9/fast && /usr/bin/make -f CMakeFiles/cmTC_1fde9.dir/build.make CMakeFiles/cmTC_1fde9.dir/build
make[1]: Entering directory '/home/refael/Desktop/main/vALLk/bin/CMakeFiles/CMakeTmp'
Building C object CMakeFiles/cmTC_1fde9.dir/src.c.o
/usr/bin/cc   -DCMAKE_HAVE_LIBC_PTHREAD   -o CMakeFiles/cmTC_1fde9.dir/src.c.o   -c /home/refael/Desktop/main/vALLk/bin/CMakeFiles/CMakeTmp/src.c
Linking C executable cmTC_1fde9
/usr/bin/cmake -E cmake_link_script CMakeFiles/cmTC_1fde9.dir/link.txt --verbose=1
/usr/bin/cc  -DCMAKE_HAVE_LIBC_PTHREAD    CMakeFiles/cmTC_1fde9.dir/src.c.o  -o cmTC_1fde9 
/usr/bin/ld: CMakeFiles/cmTC_1fde9.dir/src.c.o: in function `main':
src.c:(.text+0x46): undefined reference to `pthread_create'
/usr/bin/ld: src.c:(.text+0x52): undefined reference to `pthread_detach'
/usr/bin/ld: src.c:(.text+0x63): undefined reference to `pthread_join'
collect2: error: ld returned 1 exit status
make[1]: *** [CMakeFiles/cmTC_1fde9.dir/build.make:87: cmTC_1fde9] Error 1
make[1]: Leaving directory '/home/refael/Desktop/main/vALLk/bin/CMakeFiles/CMakeTmp'
make: *** [Makefile:121: cmTC_1fde9/fast] Error 2


Source file was:
#include <pthread.h>

void* test_func(void* data)
{
  return data;
}

int main(void)
{
  pthread_t thread;
  pthread_create(&thread, NULL, test_func, NULL);
  pthread_detach(thread);
  pthread_join(thread, NULL);
  pthread_atfork(NULL, NULL, NULL);
  pthread_exit(NULL);

  return 0;
}

Determining if the function pthread_create exists in the pthreads failed with the following output:
Change Dir: /home/refael/Desktop/main/vALLk/bin/CMakeFiles/CMakeTmp

Run Build Command(s):/usr/bin/make cmTC_640f2/fast && /usr/bin/make -f CMakeFiles/cmTC_640f2.dir/build.make CMakeFiles/cmTC_640f2.dir/build
make[1]: Entering directory '/home/refael/Desktop/main/vALLk/bin/CMakeFiles/CMakeTmp'
Building C object CMakeFiles/cmTC_640f2.dir/CheckFunctionExists.c.o
/usr/bin/cc   -DCHECK_FUNCTION_EXISTS=pthread_create   -o CMakeFiles/cmTC_640f2.dir/CheckFunctionExists.c.o   -c /usr/share/cmake-3.16/Modules/CheckFunctionExists.c
Linking C executable cmTC_640f2
/usr/bin/cmake -E cmake_link_script CMakeFiles/cmTC_640f2.dir/link.txt --verbose=1
/usr/bin/cc  -DCHECK_FUNCTION_EXISTS=pthread_create    CMakeFiles/cmTC_640f2.dir/CheckFunctionExists.c.o  -o cmTC_640f2  -lpthreads 
/usr/bin/ld: cannot find -lpthreads
collect2: error: ld returned 1 exit status
make[1]: *** [CMakeFiles/cmTC_640f2.dir/build.make:87: cmTC_640f2] Error 1
make[1]: Leaving directory '/home/refael/Desktop/main/vALLk/bin/CMakeFiles/CMakeTmp'
make: *** [Makefile:121: cmTC_640f2/fast] Error 2



